app/build/intermediates/manifest_merge_blame_file/debug/manifest-merger-blame-debug-report.txt
1<?xml version="1.0" encoding="utf-8"?>
2<manifest xmlns:android="http://schemas.android.com/apk/res/android"
3    package="com.androidunleashed.accelerometerapp"
4    android:versionCode="1"
5    android:versionName="1.0" >
6
7    <uses-sdk
8        android:minSdkVersion="24"
8-->src/main/AndroidManifest.xml
9        android:targetSdkVersion="28" />
9-->src/main/AndroidManifest.xml
10
11    <application
11-->src/main/AndroidManifest.xml:7:5-19:19
12        android:debuggable="true"
13        android:extractNativeLibs="false"
14        android:icon="@drawable/ic_launcher"
14-->src/main/AndroidManifest.xml:8:9-45
15        android:label="@string/app_name"
15-->src/main/AndroidManifest.xml:9:9-41
16        android:testOnly="true"
17        android:theme="@style/AppTheme" >
17-->src/main/AndroidManifest.xml:10:9-40
18        <activity
18-->src/main/AndroidManifest.xml:11:9-18:20
19            android:name="com.androidunleashed.accelerometerapp.AccelerometerAppActivity"
19-->src/main/AndroidManifest.xml:12:13-53
20            android:label="@string/title_activity_accelerometer_app" >
20-->src/main/AndroidManifest.xml:13:13-69
21            <intent-filter>
21-->src/main/AndroidManifest.xml:14:13-17:29
22                <action android:name="android.intent.action.MAIN" />
22-->src/main/AndroidManifest.xml:15:17-69
22-->src/main/AndroidManifest.xml:15:25-66
23
24                <category android:name="android.intent.category.LAUNCHER" />
24-->src/main/AndroidManifest.xml:16:17-77
24-->src/main/AndroidManifest.xml:16:27-74
25            </intent-filter>
26        </activity>
27    </application>
28
29</manifest>